Build started 4/11/2013 7:14:15 PM.
     1>Project "C:\Users\newtod\Dropbox\Archive\College Notes\Game Architecture\GameArchTerrain\GameArchTerrain\GameArchTerrain.vcxproj" on node 2 (build target(s)).
     1>InitializeBuildStatus:
         Touching "Debug\GameArchTerrain.unsuccessfulbuild".
       ClCompile:
         c:\Program Files (x86)\Microsoft Visual Studio 10.0\VC\bin\CL.exe /c /ZI /nologo /W3 /WX- /Od /Oy- /D WIN32 /D _DEBUG /D _CONSOLE /D _UNICODE /D UNICODE /Gm /EHsc /RTC1 /MDd /GS /fp:precise /Zc:wchar_t /Zc:forScope /Fo"Debug\\" /Fd"Debug\vc100.pdb" /Gd /TP /analyze- /errorReport:prompt main.cpp
         main.cpp
       ManifestResourceCompile:
         C:\Program Files (x86)\Microsoft SDKs\Windows\v7.0A\bin\rc.exe /nologo /fo"Debug\GameArchTerrain.exe.embed.manifest.res" Debug\GameArchTerrain_manifest.rc 
       Link:
         c:\Program Files (x86)\Microsoft Visual Studio 10.0\VC\bin\link.exe /ERRORREPORT:PROMPT /OUT:"C:\Users\newtod\Dropbox\Archive\College Notes\Game Architecture\GameArchTerrain\Debug\GameArchTerrain.exe" /INCREMENTAL /NOLOGO kernel32.lib user32.lib gdi32.lib winspool.lib comdlg32.lib advapi32.lib shell32.lib ole32.lib oleaut32.lib uuid.lib odbc32.lib odbccp32.lib /MANIFEST /ManifestFile:"Debug\GameArchTerrain.exe.intermediate.manifest" /MANIFESTUAC:"level='asInvoker' uiAccess='false'" /DEBUG /PDB:"C:\Users\newtod\Dropbox\Archive\College Notes\Game Architecture\GameArchTerrain\Debug\GameArchTerrain.pdb" /SUBSYSTEM:CONSOLE /TLBID:1 /DYNAMICBASE /NXCOMPAT /IMPLIB:"C:\Users\newtod\Dropbox\Archive\College Notes\Game Architecture\GameArchTerrain\Debug\GameArchTerrain.lib" /MACHINE:X86 Debug\GameArchTerrain.exe.embed.manifest.res
         Debug\main.obj
       Manifest:
         C:\Program Files (x86)\Microsoft SDKs\Windows\v7.0A\bin\mt.exe /nologo /verbose /out:"Debug\GameArchTerrain.exe.embed.manifest" /manifest Debug\GameArchTerrain.exe.intermediate.manifest
         C:\Program Files (x86)\Microsoft SDKs\Windows\v7.0A\bin\rc.exe /nologo /fo"Debug\GameArchTerrain.exe.embed.manifest.res" Debug\GameArchTerrain_manifest.rc 
       LinkEmbedManifest:
         c:\Program Files (x86)\Microsoft Visual Studio 10.0\VC\bin\link.exe /ERRORREPORT:PROMPT /OUT:"C:\Users\newtod\Dropbox\Archive\College Notes\Game Architecture\GameArchTerrain\Debug\GameArchTerrain.exe" /INCREMENTAL /NOLOGO kernel32.lib user32.lib gdi32.lib winspool.lib comdlg32.lib advapi32.lib shell32.lib ole32.lib oleaut32.lib uuid.lib odbc32.lib odbccp32.lib /MANIFEST /ManifestFile:"Debug\GameArchTerrain.exe.intermediate.manifest" /MANIFESTUAC:"level='asInvoker' uiAccess='false'" /DEBUG /PDB:"C:\Users\newtod\Dropbox\Archive\College Notes\Game Architecture\GameArchTerrain\Debug\GameArchTerrain.pdb" /SUBSYSTEM:CONSOLE /TLBID:1 /DYNAMICBASE /NXCOMPAT /IMPLIB:"C:\Users\newtod\Dropbox\Archive\College Notes\Game Architecture\GameArchTerrain\Debug\GameArchTerrain.lib" /MACHINE:X86 Debug\GameArchTerrain.exe.embed.manifest.res
         Debug\main.obj
     1>LINK : fatal error LNK1201: error writing to program database 'C:\Users\newtod\Dropbox\Archive\College Notes\Game Architecture\GameArchTerrain\Debug\GameArchTerrain.pdb'; check for insufficient disk space, invalid path, or insufficient privilege
     1>Done Building Project "C:\Users\newtod\Dropbox\Archive\College Notes\Game Architecture\GameArchTerrain\GameArchTerrain\GameArchTerrain.vcxproj" (build target(s)) -- FAILED.

Build FAILED.

Time Elapsed 00:00:04.58
